<?xml version="1.0" encoding="UTF-8"?>
<!-- Generated by org.testng.reporters.JUnitXMLReporter -->
<testsuite ignored="1" hostname="BINTERNS-QA33L" failures="0" tests="30" name="Surefire test" time="237.696" errors="0" timestamp="2023-05-11T18:51:41 IST">
  <testcase classname="Test.HomePageTest" name="visibility_luma_logo" time="0.049"/>
  <testcase classname="Test.HomePageTest" name="visibility_searchbox" time="0.022"/>
  <testcase classname="Test.HomePageTest" name="cartIcon_functionality" time="5.283"/>
  <testcase classname="Test.HomePageTest" name="search_functionality" time="7.407"/>
  <testcase classname="Test.HomePageTest" name="whatsNew_functionality" time="8.606"/>
  <testcase classname="Test.HomePageTest" name="women_tops_jackets_functionality" time="9.347"/>
  <testcase classname="Test.HomePageTest" name="women_tops_hoodies_sweatshirts_functionality" time="9.263"/>
  <testcase classname="Test.HomePageTest" name="women_tops_tees_functionality" time="9.531"/>
  <testcase classname="Test.HomePageTest" name="women_bottoms_pants_functionality" time="9.059"/>
  <testcase classname="Test.HomePageTest" name="men_bottoms_tanks_functionality" time="9.982"/>
  <testcase classname="Test.HomePageTest" name="gear_bags_functionality" time="8.83"/>
  <testcase classname="Test.HomePageTest" name="gear_fitness_equipment_functionality" time="9.518"/>
  <testcase classname="Test.HomePageTest" name="gear_watches_functionality" time="8.901"/>
  <testcase classname="Test.HomePageTest" name="training_videodownload__functionality" time="7.924"/>
  <testcase classname="Test.HomePageTest" name="Sale_functionality" time="9.74"/>
  <testcase classname="Test.HomePageTest" name="shop_new_yoga_functionality" time="9.57"/>
  <testcase classname="Test.HomePageTest" name="shop_new_yoga_image_redirection" time="8.708"/>
  <testcase classname="Test.HomePageTest" name="shop_pants_image_redirection" time="9.322"/>
  <testcase classname="Test.HomePageTest" name="shop_tees_image_redirection" time="8.949"/>
  <testcase classname="Test.HomePageTest" name="shop_erin_recommends_image_redirection" time="8.983"/>
  <testcase classname="Test.HomePageTest" name="shop_performance_image_redirection" time="8.104"/>
  <testcase classname="Test.HomePageTest" name="shop_ecofriendly_image_redirection" time="9.741"/>
  <testcase classname="Test.HomePageTest" name="count_link_in_footer" time="3.041"/>
  <testcase classname="Test.HomePageTest" name="selenium_video_courses_redirection" time="11.926"/>
  <testcase classname="Test.HomePageTest" name="orders_and_returns_in_footer" time="8.009"/>
  <testcase classname="Test.HomePageTest" name="search_terms_redirection" time="8.181"/>
  <testcase classname="Test.HomePageTest" name="privacy_and_cookie_policy_redirection" time="9.987"/>
  <testcase classname="Test.HomePageTest" name="advanced_search_redirection" time="8.33"/>
  <testcase classname="Test.HomePageTest" name="contact_us_redirection" time="8.978"/>
  <testcase classname="Test.HomePageTest" name="hotseller_header_visibility" time="2.034"/>
  <testcase classname="Test.HomePageTest" name="search_suggestion_list_functionality" time="0.0">
    <ignored/>
  </testcase> <!-- search_suggestion_list_functionality -->
</testsuite> <!-- Surefire test -->
