<?xml version="1.0" encoding="UTF-8"?>
<!-- Generated by org.testng.reporters.JUnitXMLReporter -->
<testsuite ignored="0" hostname="BINTERNS-QA33L" failures="0" tests="10" name="Default test" time="115.952" errors="0" timestamp="2023-05-18T18:26:49 IST">
  <testcase classname="Test.WhatNewTest" name="product_visible_in_gridoption" time="21.542"/>
  <testcase classname="Test.WhatNewTest" name="sorting_by_product_name" time="6.104"/>
  <testcase classname="Test.WhatNewTest" name="sorting_by_product_price" time="5.92"/>
  <testcase classname="Test.WhatNewTest" name="sorting_by_product_position" time="5.637"/>
  <testcase classname="Test.WhatNewTest" name="style_duffel" time="11.513"/>
  <testcase classname="Test.WhatNewTest" name="style_messenger" time="12.506"/>
  <testcase classname="Test.WhatNewTest" name="style_laptop" time="13.191"/>
  <testcase classname="Test.WhatNewTest" name="style_exercise" time="12.665"/>
  <testcase classname="Test.WhatNewTest" name="category_electronic" time="13.259"/>
  <testcase classname="Test.WhatNewTest" name="category_exercise" time="13.579"/>
</testsuite> <!-- Default test -->
