<?xml version="1.0" encoding="UTF-8"?>
<!-- Generated by org.testng.reporters.JUnitXMLReporter -->
<testsuite ignored="0" hostname="BINTERNS-QA33L" failures="0" tests="20" name="Default test" time="236.172" errors="0" timestamp="2023-05-19T12:22:25 IST">
  <testcase classname="Test.WhatNewTest" name="product_visible_in_gridoption" time="14.599"/>
  <testcase classname="Test.WhatNewTest" name="sorting_by_product_name" time="6.066"/>
  <testcase classname="Test.WhatNewTest" name="sorting_by_product_price" time="5.924"/>
  <testcase classname="Test.WhatNewTest" name="sorting_by_product_position" time="5.288"/>
  <testcase classname="Test.WhatNewTest" name="style_duffel" time="12.339"/>
  <testcase classname="Test.WhatNewTest" name="style_messenger" time="13.099"/>
  <testcase classname="Test.WhatNewTest" name="style_laptop" time="12.89"/>
  <testcase classname="Test.WhatNewTest" name="style_exercise" time="11.738"/>
  <testcase classname="Test.WhatNewTest" name="category_electronic" time="12.488"/>
  <testcase classname="Test.WhatNewTest" name="category_exercise" time="11.866"/>
  <testcase classname="Test.WhatNewTest" name="filter_size_small" time="13.065"/>
  <testcase classname="Test.WhatNewTest" name="filter_size_32" time="12.883"/>
  <testcase classname="Test.WhatNewTest" name="filter_price" time="12.504"/>
  <testcase classname="Test.WhatNewTest" name="filter_color" time="12.437"/>
  <testcase classname="Test.WhatNewTest" name="filter_activity_outdoor" time="13.619"/>
  <testcase classname="Test.WhatNewTest" name="filter_material_cotton" time="12.905"/>
  <testcase classname="Test.WhatNewTest" name="filter_strap_handle_adjustable" time="12.816"/>
  <testcase classname="Test.WhatNewTest" name="filter_features_flapover" time="13.298"/>
  <testcase classname="Test.WhatNewTest" name="filter_gender_men" time="12.453"/>
  <testcase classname="Test.WhatNewTest" name="filter_eco_collection_yes" time="13.85"/>
</testsuite> <!-- Default test -->
