<?xml version="1.0" encoding="UTF-8"?>
<testsuite xmlns:xsi="http://www.w3.org/2001/XMLSchema-instance" xsi:noNamespaceSchemaLocation="https://maven.apache.org/surefire/maven-surefire-plugin/xsd/surefire-test-report-3.0.xsd" version="3.0" name="Test.HrmsTest" time="137.414" tests="9" errors="0" skipped="0" failures="0">
  <properties>
[...]
</properties>
  <testcase name="Login_with_valid_credentials" classname="Test.HrmsTest" time="30.464">
    <system-err><![CDATA[SLF4J: Failed to load class "org.slf4j.impl.StaticLoggerBinder".
SLF4J: Defaulting to no-operation (NOP) logger implementation
SLF4J: See http://www.slf4j.org/codes.html#StaticLoggerBinder for further details.
1684298946829	geckodriver	INFO	Listening on 127.0.0.1:39811
1684298947011	mozrunner::runner	INFO	Running command: "C:\\Program Files\\Mozilla Firefox\\firefox.exe" "--marionette" "--remote-debugging-port" "23257" "--remote ... alhost:23257/,http://[::1]:23257/" "-no-remote" "-profile" "C:\\Users\\tasharma\\AppData\\Local\\Temp\\rust_mozprofilesEOJNy"
console.warn: services.settings: Ignoring preference override of remote settings server
console.warn: services.settings: Allow by setting MOZ_REMOTE_SETTINGS_DEVTOOLS=1 in the environment
1684298947404	Marionette	INFO	Marionette enabled
Dynamically enable window occlusion 0
1684298947409	Marionette	INFO	Listening on port 59473
Read port: 59473
WebDriver BiDi listening on ws://127.0.0.1:23257
1684298947569	RemoteAgent	WARN	TLS certificate errors will be ignored for this session
[ERROR glean_core] Error setting metrics feature config: Json(Error("EOF while parsing a value", line: 1, column: 0))
DevTools listening on ws://127.0.0.1:23257/devtools/browser/592fed96-6b71-406e-838c-8263403825d3
console.warn: LoginRecipes: "Falling back to a synchronous message for: http://10.10.3.192."
console.warn: LoginRecipes: "Falling back to a synchronous message for: http://10.10.3.192."
]]></system-err>
  </testcase>
  <testcase name="search_member1" classname="Test.HrmsTest" time="13.379">
    <system-err><![CDATA[1684298981685	Marionette	WARN	TimedPromise timed out after 500 ms: stacktrace:
TimedPromise/<@chrome://remote/content/marionette/sync.sys.mjs:221:24
TimedPromise@chrome://remote/content/marionette/sync.sys.mjs:205:10
interaction.flushEventLoop@chrome://remote/content/marionette/interaction.sys.mjs:424:10
webdriverClickElement@chrome://remote/content/marionette/interaction.sys.mjs:173:31
]]></system-err>
  </testcase>
  <testcase name="update_email_user1" classname="Test.HrmsTest" time="11.771"/>
  <testcase name="search_member2" classname="Test.HrmsTest" time="12.224">
    <system-err><![CDATA[1684299009487	Marionette	WARN	TimedPromise timed out after 500 ms: stacktrace:
TimedPromise/<@chrome://remote/content/marionette/sync.sys.mjs:221:24
TimedPromise@chrome://remote/content/marionette/sync.sys.mjs:205:10
interaction.flushEventLoop@chrome://remote/content/marionette/interaction.sys.mjs:424:10
webdriverClickElement@chrome://remote/content/marionette/interaction.sys.mjs:173:31
]]></system-err>
  </testcase>
  <testcase name="update_email_user2" classname="Test.HrmsTest" time="8.887"/>
  <testcase name="search_member3" classname="Test.HrmsTest" time="13.188">
    <system-err><![CDATA[1684299030256	Marionette	WARN	TimedPromise timed out after 500 ms: stacktrace:
TimedPromise/<@chrome://remote/content/marionette/sync.sys.mjs:221:24
TimedPromise@chrome://remote/content/marionette/sync.sys.mjs:205:10
interaction.flushEventLoop@chrome://remote/content/marionette/interaction.sys.mjs:424:10
webdriverClickElement@chrome://remote/content/marionette/interaction.sys.mjs:173:31
]]></system-err>
  </testcase>
  <testcase name="update_email_user3" classname="Test.HrmsTest" time="9.101"/>
  <testcase name="search_member4" classname="Test.HrmsTest" time="24.338">
    <system-err><![CDATA[1684299052737	Marionette	WARN	TimedPromise timed out after 500 ms: stacktrace:
TimedPromise/<@chrome://remote/content/marionette/sync.sys.mjs:221:24
TimedPromise@chrome://remote/content/marionette/sync.sys.mjs:205:10
interaction.flushEventLoop@chrome://remote/content/marionette/interaction.sys.mjs:424:10
webdriverClickElement@chrome://remote/content/marionette/interaction.sys.mjs:173:31
]]></system-err>
  </testcase>
  <testcase name="update_email_user4" classname="Test.HrmsTest" time="8.653"/>
</testsuite>