<?xml version="1.0" encoding="UTF-8"?>
<testng-results ignored="0" total="20" passed="20" failed="0" skipped="0">
  <reporter-output>
  </reporter-output>
  <suite started-at="2023-05-19T12:18:29 IST" name="Default suite" finished-at="2023-05-19T12:22:25 IST" duration-ms="236172">
    <groups>
    </groups>
    <test started-at="2023-05-19T12:18:29 IST" name="Default test" finished-at="2023-05-19T12:22:25 IST" duration-ms="236172">
      <class name="Test.WhatNewTest">
        <test-method is-config="true" signature="Launch()[pri:0, instance:Test.WhatNewTest@7d0b7e3c]" started-at="2023-05-19T12:18:21 IST" name="Launch" finished-at="2023-05-19T12:18:29 IST" duration-ms="8187" status="PASS">
          <reporter-output>
          </reporter-output>
        </test-method> <!-- Launch -->
        <test-method signature="product_visible_in_gridoption()[pri:1, instance:Test.WhatNewTest@7d0b7e3c]" started-at="2023-05-19T12:18:29 IST" name="product_visible_in_gridoption" finished-at="2023-05-19T12:18:44 IST" duration-ms="14599" status="PASS">
          <reporter-output>
          </reporter-output>
        </test-method> <!-- product_visible_in_gridoption -->
        <test-method signature="sorting_by_product_name()[pri:2, instance:Test.WhatNewTest@7d0b7e3c]" started-at="2023-05-19T12:18:44 IST" name="sorting_by_product_name" finished-at="2023-05-19T12:18:50 IST" duration-ms="6066" status="PASS">
          <reporter-output>
          </reporter-output>
        </test-method> <!-- sorting_by_product_name -->
        <test-method signature="sorting_by_product_price()[pri:3, instance:Test.WhatNewTest@7d0b7e3c]" started-at="2023-05-19T12:18:50 IST" name="sorting_by_product_price" finished-at="2023-05-19T12:18:56 IST" duration-ms="5924" status="PASS">
          <reporter-output>
          </reporter-output>
        </test-method> <!-- sorting_by_product_price -->
        <test-method signature="sorting_by_product_position()[pri:4, instance:Test.WhatNewTest@7d0b7e3c]" started-at="2023-05-19T12:18:56 IST" name="sorting_by_product_position" finished-at="2023-05-19T12:19:01 IST" duration-ms="5288" status="PASS">
          <reporter-output>
          </reporter-output>
        </test-method> <!-- sorting_by_product_position -->
        <test-method signature="style_duffel()[pri:5, instance:Test.WhatNewTest@7d0b7e3c]" started-at="2023-05-19T12:19:01 IST" name="style_duffel" finished-at="2023-05-19T12:19:13 IST" duration-ms="12339" status="PASS">
          <reporter-output>
          </reporter-output>
        </test-method> <!-- style_duffel -->
        <test-method signature="style_messenger()[pri:6, instance:Test.WhatNewTest@7d0b7e3c]" started-at="2023-05-19T12:19:13 IST" name="style_messenger" finished-at="2023-05-19T12:19:27 IST" duration-ms="13099" status="PASS">
          <reporter-output>
          </reporter-output>
        </test-method> <!-- style_messenger -->
        <test-method signature="style_laptop()[pri:7, instance:Test.WhatNewTest@7d0b7e3c]" started-at="2023-05-19T12:19:27 IST" name="style_laptop" finished-at="2023-05-19T12:19:39 IST" duration-ms="12890" status="PASS">
          <reporter-output>
          </reporter-output>
        </test-method> <!-- style_laptop -->
        <test-method signature="style_exercise()[pri:8, instance:Test.WhatNewTest@7d0b7e3c]" started-at="2023-05-19T12:19:39 IST" name="style_exercise" finished-at="2023-05-19T12:19:51 IST" duration-ms="11738" status="PASS">
          <reporter-output>
          </reporter-output>
        </test-method> <!-- style_exercise -->
        <test-method signature="category_electronic()[pri:9, instance:Test.WhatNewTest@7d0b7e3c]" started-at="2023-05-19T12:19:51 IST" name="category_electronic" finished-at="2023-05-19T12:20:04 IST" duration-ms="12488" status="PASS">
          <reporter-output>
          </reporter-output>
        </test-method> <!-- category_electronic -->
        <test-method signature="category_exercise()[pri:10, instance:Test.WhatNewTest@7d0b7e3c]" started-at="2023-05-19T12:20:04 IST" name="category_exercise" finished-at="2023-05-19T12:20:16 IST" duration-ms="11866" status="PASS">
          <reporter-output>
          </reporter-output>
        </test-method> <!-- category_exercise -->
        <test-method signature="filter_size_small()[pri:11, instance:Test.WhatNewTest@7d0b7e3c]" started-at="2023-05-19T12:20:16 IST" name="filter_size_small" finished-at="2023-05-19T12:20:29 IST" duration-ms="13065" status="PASS">
          <reporter-output>
          </reporter-output>
        </test-method> <!-- filter_size_small -->
        <test-method signature="filter_size_32()[pri:12, instance:Test.WhatNewTest@7d0b7e3c]" started-at="2023-05-19T12:20:29 IST" name="filter_size_32" finished-at="2023-05-19T12:20:41 IST" duration-ms="12883" status="PASS">
          <reporter-output>
          </reporter-output>
        </test-method> <!-- filter_size_32 -->
        <test-method signature="filter_price()[pri:13, instance:Test.WhatNewTest@7d0b7e3c]" started-at="2023-05-19T12:20:41 IST" name="filter_price" finished-at="2023-05-19T12:20:54 IST" duration-ms="12504" status="PASS">
          <reporter-output>
          </reporter-output>
        </test-method> <!-- filter_price -->
        <test-method signature="filter_color()[pri:14, instance:Test.WhatNewTest@7d0b7e3c]" started-at="2023-05-19T12:20:54 IST" name="filter_color" finished-at="2023-05-19T12:21:06 IST" duration-ms="12437" status="PASS">
          <reporter-output>
          </reporter-output>
        </test-method> <!-- filter_color -->
        <test-method signature="filter_activity_outdoor()[pri:15, instance:Test.WhatNewTest@7d0b7e3c]" started-at="2023-05-19T12:21:06 IST" name="filter_activity_outdoor" finished-at="2023-05-19T12:21:20 IST" duration-ms="13619" status="PASS">
          <reporter-output>
          </reporter-output>
        </test-method> <!-- filter_activity_outdoor -->
        <test-method signature="filter_material_cotton()[pri:16, instance:Test.WhatNewTest@7d0b7e3c]" started-at="2023-05-19T12:21:20 IST" name="filter_material_cotton" finished-at="2023-05-19T12:21:33 IST" duration-ms="12905" status="PASS">
          <reporter-output>
          </reporter-output>
        </test-method> <!-- filter_material_cotton -->
        <test-method signature="filter_strap_handle_adjustable()[pri:17, instance:Test.WhatNewTest@7d0b7e3c]" started-at="2023-05-19T12:21:33 IST" name="filter_strap_handle_adjustable" finished-at="2023-05-19T12:21:46 IST" duration-ms="12816" status="PASS">
          <reporter-output>
          </reporter-output>
        </test-method> <!-- filter_strap_handle_adjustable -->
        <test-method signature="filter_features_flapover()[pri:18, instance:Test.WhatNewTest@7d0b7e3c]" started-at="2023-05-19T12:21:46 IST" name="filter_features_flapover" finished-at="2023-05-19T12:21:59 IST" duration-ms="13298" status="PASS">
          <reporter-output>
          </reporter-output>
        </test-method> <!-- filter_features_flapover -->
        <test-method signature="filter_gender_men()[pri:19, instance:Test.WhatNewTest@7d0b7e3c]" started-at="2023-05-19T12:21:59 IST" name="filter_gender_men" finished-at="2023-05-19T12:22:12 IST" duration-ms="12453" status="PASS">
          <reporter-output>
          </reporter-output>
        </test-method> <!-- filter_gender_men -->
        <test-method signature="filter_eco_collection_yes()[pri:20, instance:Test.WhatNewTest@7d0b7e3c]" started-at="2023-05-19T12:22:12 IST" name="filter_eco_collection_yes" finished-at="2023-05-19T12:22:25 IST" duration-ms="13850" status="PASS">
          <reporter-output>
          </reporter-output>
        </test-method> <!-- filter_eco_collection_yes -->
        <test-method is-config="true" signature="Close_quit()[pri:0, instance:Test.WhatNewTest@7d0b7e3c]" started-at="2023-05-19T12:22:25 IST" name="Close_quit" finished-at="2023-05-19T12:22:27 IST" duration-ms="1887" status="PASS">
          <reporter-output>
          </reporter-output>
        </test-method> <!-- Close_quit -->
      </class> <!-- Test.WhatNewTest -->
    </test> <!-- Default test -->
  </suite> <!-- Default suite -->
</testng-results>
