<?xml version="1.0" encoding="UTF-8"?>
<!-- Generated by org.testng.reporters.JUnitReportReporter -->
<testsuite hostname="BINTERNS-QA33L" failures="0" tests="22" name="Test.CreateanAccountTest" time="126.224" errors="0" timestamp="2023-05-18T10:29:38 IST" skipped="0">
  <testcase classname="Test.CreateanAccountTest" name="navigate_to_homepage_click_on_createanaccount" time="1.509"/>
  <system-out/>
  <testcase classname="Test.CreateanAccountTest" name="visibility_luma_logo" time="0.043"/>
  <system-out/>
  <testcase classname="Test.CreateanAccountTest" name="visibility_Create_new_customer_account_header" time="0.033"/>
  <system-out/>
  <testcase classname="Test.CreateanAccountTest" name="visibility_personal_information_header" time="0.033"/>
  <system-out/>
  <testcase classname="Test.CreateanAccountTest" name="visibility_sign_in_information_header" time="0.029"/>
  <system-out/>
  <testcase classname="Test.CreateanAccountTest" name="verify_label_firstname_on_Page" time="0.031"/>
  <system-out/>
  <testcase classname="Test.CreateanAccountTest" name="verify_label_lastname_on_Page" time="0.036"/>
  <system-out/>
  <testcase classname="Test.CreateanAccountTest" name="verify_label_SignUpForNewsletter_on_Page" time="0.036"/>
  <system-out/>
  <testcase classname="Test.CreateanAccountTest" name="verify_label_email_on_Page" time="0.034"/>
  <system-out/>
  <testcase classname="Test.CreateanAccountTest" name="verify_label_password_on_Page" time="0.096"/>
  <system-out/>
  <testcase classname="Test.CreateanAccountTest" name="verify_label_confirmpassword_on_Page" time="0.061"/>
  <system-out/>
  <testcase classname="Test.CreateanAccountTest" name="create_an_account_with_valid_credentials" time="5.353"/>
  <system-out/>
  <testcase classname="Test.CreateanAccountTest" name="forgotpassword_redirection" time="3.282"/>
  <system-out/>
  <testcase classname="Test.CreateanAccountTest" name="subscribe_button_functionality" time="5.866"/>
  <system-out/>
  <testcase classname="Test.CreateanAccountTest" name="create_an_account_with_empty_firstname" time="14.336"/>
  <system-out/>
  <testcase classname="Test.CreateanAccountTest" name="create_an_account_with_empty_lastname" time="13.540"/>
  <system-out/>
  <testcase classname="Test.CreateanAccountTest" name="create_an_account_with_unchecked_Signupfornewsletter_checkbox" time="16.250"/>
  <system-out/>
  <testcase classname="Test.CreateanAccountTest" name="create_an_account_with_empty_email" time="15.605"/>
  <system-out/>
  <testcase classname="Test.CreateanAccountTest" name="create_an_account_with_empty_password" time="12.133"/>
  <system-out/>
  <testcase classname="Test.CreateanAccountTest" name="create_an_account_with_empty_confirmpassword" time="12.340"/>
  <system-out/>
  <testcase classname="Test.CreateanAccountTest" name="create_an_account_with_invalid_email" time="12.316"/>
  <system-out/>
  <testcase classname="Test.CreateanAccountTest" name="create_an_account_with_invalid_password" time="13.262"/>
  <system-out/>
</testsuite> <!-- Test.CreateanAccountTest -->
