<?xml version="1.0" encoding="UTF-8"?>
<!-- Generated by org.testng.reporters.JUnitReportReporter -->
<testsuite hostname="BINTERNS-QA33L" failures="0" tests="9" name="Test.HrmsTest" time="132.012" errors="0" timestamp="2023-05-17T10:21:23 IST" skipped="0">
  <testcase classname="Test.HrmsTest" name="Login_with_valid_credentials" time="30.478"/>
  <system-out/>
  <testcase classname="Test.HrmsTest" name="search_member1" time="13.377"/>
  <system-out/>
  <testcase classname="Test.HrmsTest" name="update_email_user1" time="11.772"/>
  <system-out/>
  <testcase classname="Test.HrmsTest" name="search_member2" time="12.221"/>
  <system-out/>
  <testcase classname="Test.HrmsTest" name="update_email_user2" time="8.888"/>
  <system-out/>
  <testcase classname="Test.HrmsTest" name="search_member3" time="13.185"/>
  <system-out/>
  <testcase classname="Test.HrmsTest" name="update_email_user3" time="9.102"/>
  <system-out/>
  <testcase classname="Test.HrmsTest" name="search_member4" time="24.337"/>
  <system-out/>
  <testcase classname="Test.HrmsTest" name="update_email_user4" time="8.652"/>
  <system-out/>
</testsuite> <!-- Test.HrmsTest -->
